# project  configured on Sun Sep  6 14:39:55 2015 by
# waf 1.7.11 (abi 98, python 2070af0 on darwin)
# using /Users/jenanm/pebble-dev/PebbleSDK-3.4-rc8/Pebble/waf configure
#
----------------------------------------
Setting top to
/Users/jenanm/Downloads/ArduinoPebbleSerial-master/examples/Demo1/PebbleApp
----------------------------------------
Setting out to
/Users/jenanm/Downloads/ArduinoPebbleSerial-master/examples/Demo1/PebbleApp/build
----------------------------------------
Found Pebble SDK for basalt in:
/Users/jenanm/pebble-dev/PebbleSDK-3.4-rc8/Pebble/basalt
----------------------------------------
Checking for program gcc,cc
arm-none-eabi-gcc
find program=['gcc', 'cc'] paths='' var='CC' -> 'arm-none-eabi-gcc'
----------------------------------------
Checking for program ar
arm-none-eabi-ar
find program=['ar'] paths='' var='AR' -> 'arm-none-eabi-ar'
